Using pre-set license
Built from '2020.3/staging' branch; Version is '2020.3.18f1 (a7d1c678663c) revision 10998214'; Using compiler version '192528614'; Build Type 'Release'
OS: 'Windows 10 Pro; OS build 19042.1288; Version 2009; 64bit' Language: 'en' Physical Memory: 16335 MB
BatchMode: 1, IsHumanControllingUs: 0, StartBugReporterOnCrash: 0, Is64bit: 1, IsPro: 0

COMMAND LINE ARGUMENTS:
F:\UnityVersions\2020.3.18f1\Editor\Unity.exe
-adb2
-batchMode
-noUpm
-name
AssetImportWorker0
-projectPath
F:/Repos/Unity/GotoGameJam2021/GotoGameJamProject
-logFile
Logs/AssetImportWorker0.log
-srvPort
55662
Successfully changed project path to: F:/Repos/Unity/GotoGameJam2021/GotoGameJamProject
F:/Repos/Unity/GotoGameJam2021/GotoGameJamProject
Using Asset Import Pipeline V2.
Refreshing native plugins compatible for Editor in 51.64 ms, found 3 plugins.
Preloading 0 native plugins for Editor in 0.00 ms.
Initialize engine version: 2020.3.18f1 (a7d1c678663c)
[Subsystems] Discovering subsystems at path F:/UnityVersions/2020.3.18f1/Editor/Data/Resources/UnitySubsystems
[Subsystems] Discovering subsystems at path F:/Repos/Unity/GotoGameJam2021/GotoGameJamProject/Assets
GfxDevice: creating device client; threaded=0
Direct3D:
    Version:  Direct3D 11.0 [level 11.1]
    Renderer: NVIDIA GeForce GTX 1070 Ti (ID=0x1b82)
    Vendor:   
    VRAM:     8079 MB
    Driver:   30.0.14.7196
Initialize mono
Mono path[0] = 'F:/UnityVersions/2020.3.18f1/Editor/Data/Managed'
Mono path[1] = 'F:/UnityVersions/2020.3.18f1/Editor/Data/MonoBleedingEdge/lib/mono/unityjit'
Mono config path = 'F:/UnityVersions/2020.3.18f1/Editor/Data/MonoBleedingEdge/etc'
Using monoOptions --debugger-agent=transport=dt_socket,embedding=1,server=y,suspend=n,address=127.0.0.1:56140
Begin MonoManager ReloadAssembly
Registering precompiled unity dll's ...
Register platform support module: F:/UnityVersions/2020.3.18f1/Editor/Data/PlaybackEngines/WebGLSupport/UnityEditor.WebGL.Extensions.dll
Register platform support module: F:/UnityVersions/2020.3.18f1/Editor/Data/PlaybackEngines/WindowsStandaloneSupport/UnityEditor.WindowsStandalone.Extensions.dll
Registered in 0.001682 seconds.
Native extension for WindowsStandalone target not found
Native extension for WebGL target not found
Refreshing native plugins compatible for Editor in 50.40 ms, found 3 plugins.
Preloading 0 native plugins for Editor in 0.00 ms.
Mono: successfully reloaded assembly
- Completed reload, in  2.240 seconds
Domain Reload Profiling:
	ReloadAssembly (2240ms)
		BeginReloadAssembly (63ms)
			ExecutionOrderSort (0ms)
			DisableScriptedObjects (0ms)
			BackupInstance (0ms)
			ReleaseScriptingObjects (0ms)
			CreateAndSetChildDomain (1ms)
		EndReloadAssembly (520ms)
			LoadAssemblies (62ms)
			RebuildTransferFunctionScriptingTraits (0ms)
			SetupTypeCache (175ms)
			ReleaseScriptCaches (0ms)
			RebuildScriptCaches (44ms)
			SetupLoadedEditorAssemblies (217ms)
				LogAssemblyErrors (0ms)
				InitializePlatformSupportModulesInManaged (6ms)
				SetLoadedEditorAssemblies (0ms)
				RefreshPlugins (50ms)
				BeforeProcessingInitializeOnLoad (21ms)
				ProcessInitializeOnLoadAttributes (103ms)
				ProcessInitializeOnLoadMethodAttributes (36ms)
				AfterProcessingInitializeOnLoad (0ms)
				EditorAssembliesLoaded (0ms)
			ExecutionOrderSort2 (0ms)
			AwakeInstancesAfterBackupRestoration (0ms)
Platform modules already initialized, skipping
Registering precompiled user dll's ...
Registered in 0.002691 seconds.
Begin MonoManager ReloadAssembly
Native extension for WindowsStandalone target not found
Native extension for WebGL target not found
Refreshing native plugins compatible for Editor in 49.15 ms, found 3 plugins.
Preloading 0 native plugins for Editor in 0.00 ms.
Mono: successfully reloaded assembly
- Completed reload, in  1.377 seconds
Domain Reload Profiling:
	ReloadAssembly (1378ms)
		BeginReloadAssembly (178ms)
			ExecutionOrderSort (0ms)
			DisableScriptedObjects (6ms)
			BackupInstance (0ms)
			ReleaseScriptingObjects (0ms)
			CreateAndSetChildDomain (21ms)
		EndReloadAssembly (1128ms)
			LoadAssemblies (106ms)
			RebuildTransferFunctionScriptingTraits (0ms)
			SetupTypeCache (345ms)
			ReleaseScriptCaches (1ms)
			RebuildScriptCaches (74ms)
			SetupLoadedEditorAssemblies (446ms)
				LogAssemblyErrors (0ms)
				InitializePlatformSupportModulesInManaged (6ms)
				SetLoadedEditorAssemblies (0ms)
				RefreshPlugins (49ms)
				BeforeProcessingInitializeOnLoad (99ms)
				ProcessInitializeOnLoadAttributes (270ms)
				ProcessInitializeOnLoadMethodAttributes (17ms)
				AfterProcessingInitializeOnLoad (3ms)
				EditorAssembliesLoaded (0ms)
			ExecutionOrderSort2 (0ms)
			AwakeInstancesAfterBackupRestoration (10ms)
Platform modules already initialized, skipping
========================================================================
Worker process is ready to serve import requests
Launched and connected shader compiler UnityShaderCompiler.exe after 0.13 seconds
Refreshing native plugins compatible for Editor in 0.48 ms, found 3 plugins.
Preloading 0 native plugins for Editor in 0.00 ms.
Unloading 2090 Unused Serialized files (Serialized files now loaded: 0)
System memory in use before: 93.0 MB.
System memory in use after: 93.1 MB.

Unloading 26 unused Assets to reduce memory usage. Loaded Objects now: 2529.
Total: 3.796800 ms (FindLiveObjects: 0.278200 ms CreateObjectMapping: 0.058500 ms MarkObjects: 3.376700 ms  DeleteObjects: 0.082100 ms)

AssetImportParameters requested are different than current active one (requested -> active):
  custom:framework-win-MediaFoundation: 216162199b28c13a410421893ffa2e32 -> 
  custom:video-decoder-ogg-theora: a1e56fd34408186e4bbccfd4996cb3dc -> 
  custom:container-muxer-webm: aa71ff27fc2769a1b78a27578f13a17b -> 
  custom:container-demuxer-webm: 4f35f7cbe854078d1ac9338744f61a02 -> 
  custom:container-demuxer-ogg: 62fdf1f143b41e24485cea50d1cbac27 -> 
  custom:video-encoder-webm-vp8: eb34c28f22e8b96e1ab97ce403110664 -> 
  custom:video-decoder-webm-vp8: 9c59270c3fd7afecdb556c50c9e8de78 -> 
  custom:audio-decoder-ogg-vorbis: bf7c407c2cedff20999df2af8eb42d56 -> 
  custom:audio-encoder-webm-vorbis: bf7c407c2cedff20999df2af8eb42d56 -> 
========================================================================
Received Import Request.
  path: Assets/Scenes
  artifactKey: Guid(d8dcf3df03e9aef4b839e86183b1f788) Importer(815301076,1909f56bfc062723c751e8b465ee728b)
Start importing Assets/Scenes using Guid(d8dcf3df03e9aef4b839e86183b1f788) Importer(815301076,1909f56bfc062723c751e8b465ee728b)  -> (artifact id: 'bacefb67b2afbe2f95cf794c532bb5fa') in 0.011525 seconds 
  Import took 0.058093 seconds .

========================================================================
Received Import Request.
  Time since last request: 0.000216 seconds.
  path: Assets
  artifactKey: Guid(00000000000000001000000000000000) Importer(815301076,1909f56bfc062723c751e8b465ee728b)
Start importing Assets using Guid(00000000000000001000000000000000) Importer(815301076,1909f56bfc062723c751e8b465ee728b)  -> (artifact id: '42d402b061de3733987d63b9cc3b64de') in 0.021802 seconds 
  Import took 0.036827 seconds .

========================================================================
Received Import Request.
  Time since last request: 1.785095 seconds.
  path: Assets/Scripts
  artifactKey: Guid(4b95b205fc47ec244903d71dc49968db) Importer(815301076,1909f56bfc062723c751e8b465ee728b)
Start importing Assets/Scripts using Guid(4b95b205fc47ec244903d71dc49968db) Importer(815301076,1909f56bfc062723c751e8b465ee728b)  -> (artifact id: '5a4f953ddc620b9489c8e9c4a8fe46c6') in 0.011385 seconds 
  Import took 0.015162 seconds .

========================================================================
Received Import Request.
  Time since last request: 0.001945 seconds.
  path: Assets/Scripts
  artifactKey: Guid(4b95b205fc47ec244903d71dc49968db) Importer(815301076,1909f56bfc062723c751e8b465ee728b)
Start importing Assets/Scripts using Guid(4b95b205fc47ec244903d71dc49968db) Importer(815301076,1909f56bfc062723c751e8b465ee728b)  -> (artifact id: '5a4f953ddc620b9489c8e9c4a8fe46c6') in 0.004122 seconds 
  Import took 0.008187 seconds .

========================================================================
Received Import Request.
  Time since last request: 4.537153 seconds.
  path: Assets/Animations
  artifactKey: Guid(584fa99d8da06e346a155391f4c46eb1) Importer(815301076,1909f56bfc062723c751e8b465ee728b)
Start importing Assets/Animations using Guid(584fa99d8da06e346a155391f4c46eb1) Importer(815301076,1909f56bfc062723c751e8b465ee728b)  -> (artifact id: '2f97325edae95ef37b375aaba671dcba') in 0.008416 seconds 
  Import took 0.021923 seconds .

========================================================================
Received Import Request.
  Time since last request: 8.159471 seconds.
  path: Assets/Art
  artifactKey: Guid(9829f9d16833b3348a4765b4f16a6bac) Importer(815301076,1909f56bfc062723c751e8b465ee728b)
Start importing Assets/Art using Guid(9829f9d16833b3348a4765b4f16a6bac) Importer(815301076,1909f56bfc062723c751e8b465ee728b)  -> (artifact id: '6a0ddddd1316885c9828b3db8f2640e9') in 0.007732 seconds 
  Import took 0.011299 seconds .

========================================================================
Received Import Request.
  Time since last request: 0.004174 seconds.
  path: Assets/Art
  artifactKey: Guid(9829f9d16833b3348a4765b4f16a6bac) Importer(815301076,1909f56bfc062723c751e8b465ee728b)
Start importing Assets/Art using Guid(9829f9d16833b3348a4765b4f16a6bac) Importer(815301076,1909f56bfc062723c751e8b465ee728b)  -> (artifact id: '6a0ddddd1316885c9828b3db8f2640e9') in 0.002362 seconds 
  Import took 0.005967 seconds .

========================================================================
Received Import Request.
  Time since last request: 5.702635 seconds.
  path: Assets/Art/Sound
  artifactKey: Guid(06298cfb35a498a41b449f946438a920) Importer(815301076,1909f56bfc062723c751e8b465ee728b)
Start importing Assets/Art/Sound using Guid(06298cfb35a498a41b449f946438a920) Importer(815301076,1909f56bfc062723c751e8b465ee728b)  -> (artifact id: '79841b546d5b1286a40574d3fa56ce20') in 0.007170 seconds 
  Import took 0.034752 seconds .

========================================================================
Received Import Request.
  Time since last request: 8.010887 seconds.
  path: Assets/Art/Sprites
  artifactKey: Guid(2ec140ba503cba641b8b009f154b2d63) Importer(815301076,1909f56bfc062723c751e8b465ee728b)
Start importing Assets/Art/Sprites using Guid(2ec140ba503cba641b8b009f154b2d63) Importer(815301076,1909f56bfc062723c751e8b465ee728b)  -> (artifact id: '8316aae0ded0b8fd7297b8dc8910e99d') in 0.008110 seconds 
  Import took 0.018858 seconds .

